<?xml version="1.0" encoding="UTF-8"?>
<!-- Generated by org.testng.reporters.JUnitReportReporter -->
<testsuite hostname="CAMBROSIAS7403" failures="0" tests="4" name="com.smartsuite.qa.testcases.PersonalProfileStatusUpdateTest" time="42.301" errors="0" timestamp="2021-11-12T10:21:10 CST" skipped="0">
  <testcase classname="com.smartsuite.qa.testcases.PersonalProfileStatusUpdateTest" name="personalProfilePageLogSearchTest" time="10.311"/>
  <system-out/>
  <testcase classname="com.smartsuite.qa.testcases.PersonalProfileStatusUpdateTest" name="personalProfilePageLogSearchTest" time="10.298"/>
  <system-out/>
  <testcase classname="com.smartsuite.qa.testcases.PersonalProfileStatusUpdateTest" name="personalProfilePageLogSearchTest" time="10.771"/>
  <system-out/>
  <testcase classname="com.smartsuite.qa.testcases.PersonalProfileStatusUpdateTest" name="personalProfilePageLogSearchTest" time="10.921"/>
  <system-out/>
</testsuite> <!-- com.smartsuite.qa.testcases.PersonalProfileStatusUpdateTest -->
