<?xml version="1.0" encoding="UTF-8"?>
<!-- Generated by org.testng.reporters.JUnitReportReporter -->
<testsuite hostname="CAMBROSIAS7403" failures="0" tests="1" name="com.smartsuite.qa.testcases.DeviceManagementSendToAllDevicesIconTest" time="40.571" errors="0" timestamp="2021-11-15T16:26:52 CST" skipped="0">
  <testcase classname="com.smartsuite.qa.testcases.DeviceManagementSendToAllDevicesIconTest" name="deviceManagementAddModifyDeleteEmailTest" time="40.571"/>
  <system-out/>
</testsuite> <!-- com.smartsuite.qa.testcases.DeviceManagementSendToAllDevicesIconTest -->
