<?xml version="1.0" encoding="UTF-8"?>
<!-- Generated by org.testng.reporters.JUnitReportReporter -->
<testsuite skipped="0" hostname="L7MN000108180" name="com.mymatrix.qa.testcases.ChangeBranchPageTest" tests="2" failures="0" timestamp="2021-03-30T12:46:23 CDT" time="5.875" errors="0">
  <testcase name="changeBranchPageTest" time="2.659" classname="com.mymatrix.qa.testcases.ChangeBranchPageTest"/>
  <system-out/>
  <testcase name="changeBranchPageTest" time="3.216" classname="com.mymatrix.qa.testcases.ChangeBranchPageTest"/>
  <system-out/>
</testsuite> <!-- com.mymatrix.qa.testcases.ChangeBranchPageTest -->
