<?xml version="1.0" encoding="UTF-8"?>
<!-- Generated by org.testng.reporters.JUnitReportReporter -->
<testsuite skipped="0" hostname="L7MN000108180" name="com.jostens.qa.testcases.QueueCountPageTest" tests="4" failures="0" timestamp="2021-02-08T19:35:15 CST" time="70.668" errors="0">
  <testcase name="queueCountPageTest" time="28.862" classname="com.jostens.qa.testcases.QueueCountPageTest"/>
  <system-out/>
  <testcase name="queueCountPageTest" time="18.693" classname="com.jostens.qa.testcases.QueueCountPageTest"/>
  <system-out/>
  <testcase name="queueCountPageTest" time="4.764" classname="com.jostens.qa.testcases.QueueCountPageTest"/>
  <system-out/>
  <testcase name="queueCountPageTest" time="18.349" classname="com.jostens.qa.testcases.QueueCountPageTest"/>
  <system-out/>
</testsuite> <!-- com.jostens.qa.testcases.QueueCountPageTest -->
