<?xml version="1.0" encoding="UTF-8"?>
<!-- Generated by org.testng.reporters.JUnitReportReporter -->
<testsuite hostname="CAMBROSIAS7403" failures="0" tests="5" name="com.smartsuite.qa.testcases.NavigateTreesTest" time="57.301" errors="0" timestamp="2021-11-11T11:39:15 CST" skipped="0">
  <testcase classname="com.smartsuite.qa.testcases.NavigateTreesTest" name="navigateTreesTest" time="11.316"/>
  <system-out/>
  <testcase classname="com.smartsuite.qa.testcases.NavigateTreesTest" name="navigateTreesTest" time="11.252"/>
  <system-out/>
  <testcase classname="com.smartsuite.qa.testcases.NavigateTreesTest" name="navigateTreesTest" time="11.369"/>
  <system-out/>
  <testcase classname="com.smartsuite.qa.testcases.NavigateTreesTest" name="navigateTreesTest" time="11.941"/>
  <system-out/>
  <testcase classname="com.smartsuite.qa.testcases.NavigateTreesTest" name="navigateTreesTest" time="11.423"/>
  <system-out/>
</testsuite> <!-- com.smartsuite.qa.testcases.NavigateTreesTest -->
