<?xml version="1.0" encoding="UTF-8"?>
<!-- Generated by org.testng.reporters.JUnitReportReporter -->
<testsuite skipped="0" hostname="L7MN000108180" name="com.mymatrix.qa.regressiontestcases.TravelerTest" tests="2" failures="0" timestamp="2021-04-01T11:47:44 CDT" time="14.572" errors="0">
  <testcase name="travelerPageTest" time="6.796" classname="com.mymatrix.qa.regressiontestcases.TravelerTest"/>
  <system-out/>
  <testcase name="travelerPageTest" time="7.776" classname="com.mymatrix.qa.regressiontestcases.TravelerTest"/>
  <system-out/>
</testsuite> <!-- com.mymatrix.qa.regressiontestcases.TravelerTest -->
