<?xml version="1.0" encoding="UTF-8"?>
<!-- Generated by org.testng.reporters.JUnitReportReporter -->
<testsuite skipped="0" hostname="L7MN000108180" name="com.mymatrix.qa.regressiontestcases.CostLineTest" tests="3" failures="0" timestamp="2021-04-01T11:47:44 CDT" time="31.995" errors="0">
  <testcase name="costLinePageTest" time="10.045" classname="com.mymatrix.qa.regressiontestcases.CostLineTest"/>
  <system-out/>
  <testcase name="costLinePageTest" time="11.131" classname="com.mymatrix.qa.regressiontestcases.CostLineTest"/>
  <system-out/>
  <testcase name="costLinePageTest" time="10.819" classname="com.mymatrix.qa.regressiontestcases.CostLineTest"/>
  <system-out/>
</testsuite> <!-- com.mymatrix.qa.regressiontestcases.CostLineTest -->
