<?xml version="1.0" encoding="UTF-8"?>
<!-- Generated by org.testng.reporters.JUnitReportReporter -->
<testsuite skipped="0" hostname="L7MN000108180" name="com.mymatrix.qa.testcases.TicketPageTest" tests="3" failures="0" timestamp="2021-03-17T12:30:50 CDT" time="54.995" errors="0">
  <testcase name="ticketPageTest" time="17.964" classname="com.mymatrix.qa.testcases.TicketPageTest"/>
  <system-out/>
  <testcase name="ticketPageTest" time="18.797" classname="com.mymatrix.qa.testcases.TicketPageTest"/>
  <system-out/>
  <testcase name="ticketPageTest" time="18.234" classname="com.mymatrix.qa.testcases.TicketPageTest"/>
  <system-out/>
</testsuite> <!-- com.mymatrix.qa.testcases.TicketPageTest -->
