<?xml version="1.0" encoding="UTF-8"?>
<!-- Generated by org.testng.reporters.JUnitReportReporter -->
<testsuite hostname="CAMBROSIAS7403" failures="0" tests="2" name="com.smartsuite.qa.testcases.OncallMoveSchedulerAssignmentTest" time="93.658" errors="0" timestamp="2021-11-11T11:39:15 CST" skipped="0">
  <testcase classname="com.smartsuite.qa.testcases.OncallMoveSchedulerAssignmentTest" name="oncallMoveSchedulerAssignmentTest" time="46.741"/>
  <system-out/>
  <testcase classname="com.smartsuite.qa.testcases.OncallMoveSchedulerAssignmentTest" name="oncallMoveSchedulerAssignmentTest" time="46.917"/>
  <system-out/>
</testsuite> <!-- com.smartsuite.qa.testcases.OncallMoveSchedulerAssignmentTest -->
