<?xml version="1.0" encoding="UTF-8"?>
<!-- Generated by org.testng.reporters.JUnitReportReporter -->
<testsuite hostname="CAMBROSIAS7403" failures="0" tests="2" name="com.edinarealty.qa.testcases.SignUpAccountTest" time="46.231" errors="0" timestamp="2022-03-13T10:27:40 CDT" skipped="0">
  <testcase classname="com.edinarealty.qa.testcases.SignUpAccountTest" name="signUpLocalTest" time="46.076"/>
  <system-out/>
  <testcase classname="com.edinarealty.qa.testcases.SignUpAccountTest" name="signUpLocalTest" time="0.155"/>
  <system-out/>
</testsuite> <!-- com.edinarealty.qa.testcases.SignUpAccountTest -->
