<?xml version="1.0" encoding="UTF-8"?>
<!-- Generated by org.testng.reporters.JUnitReportReporter -->
<testsuite skipped="0" hostname="L7MN000108180" name="com.mymatrix.qa.regressiontestcases.BusItineraryTest" tests="2" failures="0" timestamp="2021-04-01T11:47:43 CDT" time="31.066" errors="0">
  <testcase name="busItineraryPageTest" time="15.833" classname="com.mymatrix.qa.regressiontestcases.BusItineraryTest"/>
  <system-out/>
  <testcase name="busItineraryPageTest" time="15.233" classname="com.mymatrix.qa.regressiontestcases.BusItineraryTest"/>
  <system-out/>
</testsuite> <!-- com.mymatrix.qa.regressiontestcases.BusItineraryTest -->
