<?xml version="1.0" encoding="UTF-8"?>
<!-- Generated by org.testng.reporters.JUnitReportReporter -->
<testsuite hostname="CAMBROSIAS7403" failures="0" tests="12" name="com.smartsuite.qa.testcases.GlobalSearchTest" time="129.278" errors="0" timestamp="2021-11-11T11:39:15 CST" skipped="0">
  <testcase classname="com.smartsuite.qa.testcases.GlobalSearchTest" name="globalSearchTest" time="7.746"/>
  <system-out/>
  <testcase classname="com.smartsuite.qa.testcases.GlobalSearchTest" name="globalSearchTest" time="7.666"/>
  <system-out/>
  <testcase classname="com.smartsuite.qa.testcases.GlobalSearchTest" name="globalSearchTest" time="10.174"/>
  <system-out/>
  <testcase classname="com.smartsuite.qa.testcases.GlobalSearchTest" name="globalSearchTest" time="7.630"/>
  <system-out/>
  <testcase classname="com.smartsuite.qa.testcases.GlobalSearchTest" name="globalSearchTest" time="7.832"/>
  <system-out/>
  <testcase classname="com.smartsuite.qa.testcases.GlobalSearchTest" name="globalSearchTest" time="7.695"/>
  <system-out/>
  <testcase classname="com.smartsuite.qa.testcases.GlobalSearchTest" name="globalSearchTest" time="7.794"/>
  <system-out/>
  <testcase classname="com.smartsuite.qa.testcases.GlobalSearchTest" name="globalSearchTest" time="10.031"/>
  <system-out/>
  <testcase classname="com.smartsuite.qa.testcases.GlobalSearchTest" name="globalSearchTest" time="25.534"/>
  <system-out/>
  <testcase classname="com.smartsuite.qa.testcases.GlobalSearchTest" name="globalSearchTest" time="7.761"/>
  <system-out/>
  <testcase classname="com.smartsuite.qa.testcases.GlobalSearchTest" name="globalSearchTest" time="7.691"/>
  <system-out/>
  <testcase classname="com.smartsuite.qa.testcases.GlobalSearchTest" name="globalSearchTest" time="21.724"/>
  <system-out/>
</testsuite> <!-- com.smartsuite.qa.testcases.GlobalSearchTest -->
