<?xml version="1.0" encoding="UTF-8"?>
<!-- Generated by org.testng.reporters.JUnitReportReporter -->
<testsuite skipped="0" hostname="L7MN000108180" name="com.jostens.qa.testcases.FavoritesPageTest" tests="2" failures="0" timestamp="2021-01-18T08:53:21 CST" time="31.420" errors="0">
  <testcase name="CheckFavoritesListTest" time="15.707" classname="com.jostens.qa.testcases.FavoritesPageTest"/>
  <system-out/>
  <testcase name="CheckFavoritesListTest" time="15.713" classname="com.jostens.qa.testcases.FavoritesPageTest"/>
  <system-out/>
</testsuite> <!-- com.jostens.qa.testcases.FavoritesPageTest -->
