<?xml version="1.0" encoding="UTF-8"?>
<!-- Generated by org.testng.reporters.JUnitReportReporter -->
<testsuite hostname="CAMBROSIAS7403" failures="0" tests="2" name="com.smartsuite.qa.testcases.OncallSchedulerNextDayTest" time="69.899" errors="0" timestamp="2021-08-20T10:51:23 CDT" skipped="0">
  <testcase classname="com.smartsuite.qa.testcases.OncallSchedulerNextDayTest" name="oncallSchedulerNextShiftTest" time="34.418"/>
  <system-out/>
  <testcase classname="com.smartsuite.qa.testcases.OncallSchedulerNextDayTest" name="oncallSchedulerNextShiftTest" time="35.481"/>
  <system-out/>
</testsuite> <!-- com.smartsuite.qa.testcases.OncallSchedulerNextDayTest -->
