<?xml version="1.0" encoding="UTF-8"?>
<!-- Generated by org.testng.reporters.JUnitReportReporter -->
<testsuite hostname="CAMBROSIAS7403" failures="0" tests="3" name="com.smartsuite.qa.testcases.AddCoverageExceptionTest" time="71.334" errors="0" timestamp="2021-09-08T20:41:53 CDT" skipped="0">
  <testcase classname="com.smartsuite.qa.testcases.AddCoverageExceptionTest" name="directoryDetailViewSendPageTest" time="24.268"/>
  <system-out/>
  <testcase classname="com.smartsuite.qa.testcases.AddCoverageExceptionTest" name="directoryDetailViewSendPageTest" time="22.682"/>
  <system-out/>
  <testcase classname="com.smartsuite.qa.testcases.AddCoverageExceptionTest" name="directoryDetailViewSendPageTest" time="24.384"/>
  <system-out/>
</testsuite> <!-- com.smartsuite.qa.testcases.AddCoverageExceptionTest -->
