<?xml version="1.0" encoding="UTF-8"?>
<!-- Generated by org.testng.reporters.JUnitReportReporter -->
<testsuite hostname="CAMBROSIAS7403" failures="0" tests="3" name="com.edinarealty.qa.testcases.LoginTest" time="39.911" errors="0" timestamp="2022-02-13T10:43:56 CST" skipped="0">
  <testcase classname="com.edinarealty.qa.testcases.LoginTest" name="loginTest" time="39.632"/>
  <system-out/>
  <testcase classname="com.edinarealty.qa.testcases.LoginTest" name="loginTest" time="0.119"/>
  <system-out/>
  <testcase classname="com.edinarealty.qa.testcases.LoginTest" name="loginTest" time="0.160"/>
  <system-out/>
</testsuite> <!-- com.edinarealty.qa.testcases.LoginTest -->
