<?xml version="1.0" encoding="UTF-8"?>
<!-- Generated by org.testng.reporters.JUnitReportReporter -->
<testsuite hostname="CAMBROSIAS7403" failures="0" tests="7" name="com.smartsuite.qa.testcases.DirectorySearchTest" time="91.406" errors="0" timestamp="2021-11-14T15:11:19 CST" skipped="0">
  <testcase classname="com.smartsuite.qa.testcases.DirectorySearchTest" name="directorySearchTest" time="10.918"/>
  <system-out/>
  <testcase classname="com.smartsuite.qa.testcases.DirectorySearchTest" name="directorySearchTest" time="28.546"/>
  <system-out/>
  <testcase classname="com.smartsuite.qa.testcases.DirectorySearchTest" name="directorySearchTest" time="5.496"/>
  <system-out/>
  <testcase classname="com.smartsuite.qa.testcases.DirectorySearchTest" name="directorySearchTest" time="10.828"/>
  <system-out/>
  <testcase classname="com.smartsuite.qa.testcases.DirectorySearchTest" name="directorySearchTest" time="13.703"/>
  <system-out/>
  <testcase classname="com.smartsuite.qa.testcases.DirectorySearchTest" name="directorySearchTest" time="10.815"/>
  <system-out/>
  <testcase classname="com.smartsuite.qa.testcases.DirectorySearchTest" name="directorySearchTest" time="11.100"/>
  <system-out/>
</testsuite> <!-- com.smartsuite.qa.testcases.DirectorySearchTest -->
