<?xml version="1.0" encoding="UTF-8"?>
<!-- Generated by org.testng.reporters.JUnitReportReporter -->
<testsuite hostname="CAMBROSIAS7403" failures="0" tests="2" name="com.smartsuite.qa.testcases.PersonalProfilePageLogSearchTest" time="31.718" errors="0" timestamp="2021-11-16T09:49:44 CST" skipped="0">
  <testcase classname="com.smartsuite.qa.testcases.PersonalProfilePageLogSearchTest" name="personalProfilePageLogSearchTest" time="13.978"/>
  <system-out/>
  <testcase classname="com.smartsuite.qa.testcases.PersonalProfilePageLogSearchTest" name="personalProfilePageLogSearchTest" time="17.740"/>
  <system-out/>
</testsuite> <!-- com.smartsuite.qa.testcases.PersonalProfilePageLogSearchTest -->
