<?xml version="1.0" encoding="UTF-8"?>
<!-- Generated by org.testng.reporters.JUnitReportReporter -->
<testsuite hostname="CAMBROSIAS7403" failures="0" tests="1" name="com.smartsuite.qa.testcases.DeviceManagementAddModifyDeleteEmailTest" time="27.393" errors="0" timestamp="2021-11-14T11:25:03 CST" skipped="0">
  <testcase classname="com.smartsuite.qa.testcases.DeviceManagementAddModifyDeleteEmailTest" name="deviceManagementAddModifyDeleteEmailTest" time="27.393"/>
  <system-out/>
</testsuite> <!-- com.smartsuite.qa.testcases.DeviceManagementAddModifyDeleteEmailTest -->
