<?xml version="1.0" encoding="UTF-8"?>
<!-- Generated by org.testng.reporters.JUnitReportReporter -->
<testsuite skipped="0" hostname="L7MN000108180" name="com.mymatrix.qa.testcases.TravellerPageTest" tests="1" failures="0" timestamp="2021-02-10T21:14:31 CST" time="21.961" errors="0">
  <testcase name="travellerPageTest" time="21.961" classname="com.mymatrix.qa.testcases.TravellerPageTest"/>
  <system-out/>
</testsuite> <!-- com.mymatrix.qa.testcases.TravellerPageTest -->
