<?xml version="1.0" encoding="UTF-8"?>
<!-- Generated by org.testng.reporters.JUnitReportReporter -->
<testsuite skipped="0" hostname="L7MN000108180" name="com.mymatrix.qa.regressiontestcases.HotelItineraryTest" tests="3" failures="0" timestamp="2021-04-01T11:47:44 CDT" time="46.690" errors="0">
  <testcase name="hotelItineraryPageTest" time="15.418" classname="com.mymatrix.qa.regressiontestcases.HotelItineraryTest"/>
  <system-out/>
  <testcase name="hotelItineraryPageTest" time="16.536" classname="com.mymatrix.qa.regressiontestcases.HotelItineraryTest"/>
  <system-out/>
  <testcase name="hotelItineraryPageTest" time="14.736" classname="com.mymatrix.qa.regressiontestcases.HotelItineraryTest"/>
  <system-out/>
</testsuite> <!-- com.mymatrix.qa.regressiontestcases.HotelItineraryTest -->
