<?xml version="1.0" encoding="UTF-8"?>
<!-- Generated by org.testng.reporters.JUnitReportReporter -->
<testsuite hostname="CAMBROSIAS7403" failures="0" tests="1" name="com.smartsuite.qa.testcases.OncallSearchTodayTabTest2" time="48.286" errors="0" timestamp="2021-10-10T14:49:00 CDT" skipped="0">
  <testcase classname="com.smartsuite.qa.testcases.OncallSearchTodayTabTest2" name="oncallMoveSchedulerAssignmentTest" time="48.286"/>
  <system-out/>
</testsuite> <!-- com.smartsuite.qa.testcases.OncallSearchTodayTabTest2 -->
