<?xml version="1.0" encoding="UTF-8"?>
<!-- Generated by org.testng.reporters.JUnitReportReporter -->
<testsuite hostname="CAMBROSIAS7403" failures="0" tests="4" name="com.smartsuite.qa.testcases.PagingSearchTest" time="23.679" errors="0" timestamp="2021-11-11T11:39:15 CST" skipped="0">
  <testcase classname="com.smartsuite.qa.testcases.PagingSearchTest" name="pagingSearchTest" time="4.761"/>
  <system-out/>
  <testcase classname="com.smartsuite.qa.testcases.PagingSearchTest" name="pagingSearchTest" time="9.558"/>
  <system-out/>
  <testcase classname="com.smartsuite.qa.testcases.PagingSearchTest" name="pagingSearchTest" time="4.683"/>
  <system-out/>
  <testcase classname="com.smartsuite.qa.testcases.PagingSearchTest" name="pagingSearchTest" time="4.677"/>
  <system-out/>
</testsuite> <!-- com.smartsuite.qa.testcases.PagingSearchTest -->
