<?xml version="1.0" encoding="UTF-8"?>
<!-- Generated by org.testng.reporters.JUnitReportReporter -->
<testsuite skipped="0" hostname="L7MN000108180" name="com.mymatrix.qa.regressiontestcases.NonBSPTicketTest" tests="3" failures="0" timestamp="2021-04-01T11:47:44 CDT" time="43.008" errors="0">
  <testcase name="ticketPageTest" time="14.387" classname="com.mymatrix.qa.regressiontestcases.NonBSPTicketTest"/>
  <system-out/>
  <testcase name="ticketPageTest" time="13.866" classname="com.mymatrix.qa.regressiontestcases.NonBSPTicketTest"/>
  <system-out/>
  <testcase name="ticketPageTest" time="14.755" classname="com.mymatrix.qa.regressiontestcases.NonBSPTicketTest"/>
  <system-out/>
</testsuite> <!-- com.mymatrix.qa.regressiontestcases.NonBSPTicketTest -->
