<?xml version="1.0" encoding="UTF-8"?>
<!-- Generated by org.testng.reporters.JUnitReportReporter -->
<testsuite hostname="CAMBROSIAS7403" failures="0" tests="1" name="com.smartsuite.qa.testcases.SendExternalQuickPageTest" time="12.668" errors="0" timestamp="2021-11-11T11:39:15 CST" skipped="0">
  <testcase classname="com.smartsuite.qa.testcases.SendExternalQuickPageTest" name="sendExternalQuickPageTest" time="12.668"/>
  <system-out/>
</testsuite> <!-- com.smartsuite.qa.testcases.SendExternalQuickPageTest -->
