<?xml version="1.0" encoding="UTF-8"?>
<!-- Generated by org.testng.reporters.JUnitReportReporter -->
<testsuite skipped="1" hostname="Systemss-MacBook-Pro.local" name="com.edinarealty.qa.testcases.SavedSearchTest" tests="3" failures="0" timestamp="2022-03-23T23:36:33 CDT" time="147.910" errors="1">
  <testcase name="savedSearchTest" time="0.298" classname="com.edinarealty.qa.testcases.SavedSearchTest"/>
  <system-out/>
  <testcase name="savedSearchTest" time="74.302" classname="com.edinarealty.qa.testcases.SavedSearchTest">
    <skipped/>
  </testcase> <!-- savedSearchTest -->
  <system-out/>
  <testcase name="savedSearchTest" time="73.310" classname="com.edinarealty.qa.testcases.SavedSearchTest">
    <error type="java.lang.Error" message="Unresolved compilation problem: 
	The method strip() is undefined for the type String
">
      <![CDATA[java.lang.Error: Unresolved compilation problem: 
The method strip() is undefined for the type String

at com.edinarealty.qa.pagemethods.SearchPageMethods.verifySavedSearchInfo(SearchPageMethods.java:524)
at com.edinarealty.qa.testcases.SavedSearchTest.savedSearchTest(SavedSearchTest.java:95)
at sun.reflect.NativeMethodAccessorImpl.invoke0(Native Method)
at sun.reflect.NativeMethodAccessorImpl.invoke(NativeMethodAccessorImpl.java:62)
at sun.reflect.DelegatingMethodAccessorImpl.invoke(DelegatingMethodAccessorImpl.java:43)
at java.lang.reflect.Method.invoke(Method.java:498)
at org.testng.internal.MethodInvocationHelper.invokeMethod(MethodInvocationHelper.java:132)
at org.testng.internal.TestInvoker.invokeMethod(TestInvoker.java:599)
at org.testng.internal.TestInvoker.retryFailed(TestInvoker.java:214)
at org.testng.internal.MethodRunner.runInSequence(MethodRunner.java:58)
at org.testng.internal.TestInvoker$MethodInvocationAgent.invoke(TestInvoker.java:822)
at org.testng.internal.TestInvoker.invokeTestMethods(TestInvoker.java:147)
at org.testng.internal.TestMethodWorker.invokeTestMethods(TestMethodWorker.java:146)
at org.testng.internal.TestMethodWorker.run(TestMethodWorker.java:128)
at java.util.ArrayList.forEach(ArrayList.java:1259)
at org.testng.TestRunner.privateRun(TestRunner.java:764)
at org.testng.TestRunner.run(TestRunner.java:585)
at org.testng.SuiteRunner.runTest(SuiteRunner.java:384)
at org.testng.SuiteRunner.access$000(SuiteRunner.java:28)
at org.testng.SuiteRunner$SuiteWorker.run(SuiteRunner.java:425)
at org.testng.internal.thread.ThreadUtil.lambda$execute$0(ThreadUtil.java:66)
at java.util.concurrent.FutureTask.run(FutureTask.java:266)
at java.util.concurrent.ThreadPoolExecutor.runWorker(ThreadPoolExecutor.java:1149)
at java.util.concurrent.ThreadPoolExecutor$Worker.run(ThreadPoolExecutor.java:624)
at java.lang.Thread.run(Thread.java:748)
]]>
    </error>
  </testcase> <!-- savedSearchTest -->
  <system-out/>
</testsuite> <!-- com.edinarealty.qa.testcases.SavedSearchTest -->
