<?xml version="1.0" encoding="UTF-8"?>
<!-- Generated by org.testng.reporters.JUnitReportReporter -->
<testsuite skipped="0" hostname="L7MN000108180" name="com.mymatrix.qa.testcases.LoginPageTest" tests="1" failures="0" timestamp="2021-04-01T11:47:44 CDT" time="9.739" errors="0">
  <testcase name="loginTest" time="9.739" classname="com.mymatrix.qa.testcases.LoginPageTest"/>
  <system-out/>
</testsuite> <!-- com.mymatrix.qa.testcases.LoginPageTest -->
