<?xml version="1.0" encoding="UTF-8"?>
<!-- Generated by org.testng.reporters.JUnitReportReporter -->
<testsuite skipped="0" hostname="L7MN000108180" name="com.jostens.qa.testcases.IRQueueCountPageTest" tests="4" failures="0" timestamp="2021-02-08T19:35:15 CST" time="65.165" errors="0">
  <testcase name="irQueueCountPageTest" time="9.464" classname="com.jostens.qa.testcases.IRQueueCountPageTest"/>
  <system-out/>
  <testcase name="irQueueCountPageTest" time="14.386" classname="com.jostens.qa.testcases.IRQueueCountPageTest"/>
  <system-out/>
  <testcase name="irQueueCountPageTest" time="25.232" classname="com.jostens.qa.testcases.IRQueueCountPageTest"/>
  <system-out/>
  <testcase name="irQueueCountPageTest" time="16.083" classname="com.jostens.qa.testcases.IRQueueCountPageTest"/>
  <system-out/>
</testsuite> <!-- com.jostens.qa.testcases.IRQueueCountPageTest -->
