<?xml version="1.0" encoding="UTF-8"?>
<!-- Generated by org.testng.reporters.JUnitReportReporter -->
<testsuite hostname="CAMBROSIAS7403" failures="0" tests="1" name="com.smartsuite.qa.testcases.MessageInboxTest" time="19.389" errors="0" timestamp="2021-09-07T12:46:29 CDT" skipped="0">
  <testcase classname="com.smartsuite.qa.testcases.MessageInboxTest" name="messageInboxTest" time="19.389"/>
  <system-out/>
</testsuite> <!-- com.smartsuite.qa.testcases.MessageInboxTest -->
