<?xml version="1.0" encoding="UTF-8"?>
<!-- Generated by org.testng.reporters.JUnitReportReporter -->
<testsuite skipped="0" hostname="L7MN000108180" name="com.mymatrix.qa.regressiontestcases.AirItineraryTest" tests="3" failures="0" timestamp="2021-04-01T11:47:44 CDT" time="36.954" errors="0">
  <testcase name="airItineraryPageTest" time="12.322" classname="com.mymatrix.qa.regressiontestcases.AirItineraryTest"/>
  <system-out/>
  <testcase name="airItineraryPageTest" time="12.796" classname="com.mymatrix.qa.regressiontestcases.AirItineraryTest"/>
  <system-out/>
  <testcase name="airItineraryPageTest" time="11.836" classname="com.mymatrix.qa.regressiontestcases.AirItineraryTest"/>
  <system-out/>
</testsuite> <!-- com.mymatrix.qa.regressiontestcases.AirItineraryTest -->
