<?xml version="1.0" encoding="UTF-8"?>
<!-- Generated by org.testng.reporters.JUnitReportReporter -->
<testsuite hostname="CAMBROSIAS7403" failures="0" tests="3" name="com.smartsuite.qa.testcases.AddCurrentExceptionTest" time="73.728" errors="0" timestamp="2021-11-11T11:39:15 CST" skipped="0">
  <testcase classname="com.smartsuite.qa.testcases.AddCurrentExceptionTest" name="addCurrentExceptionTest" time="25.662"/>
  <system-out/>
  <testcase classname="com.smartsuite.qa.testcases.AddCurrentExceptionTest" name="addCurrentExceptionTest" time="24.068"/>
  <system-out/>
  <testcase classname="com.smartsuite.qa.testcases.AddCurrentExceptionTest" name="addCurrentExceptionTest" time="23.998"/>
  <system-out/>
</testsuite> <!-- com.smartsuite.qa.testcases.AddCurrentExceptionTest -->
