<?xml version="1.0" encoding="UTF-8"?>
<!-- Generated by org.testng.reporters.JUnitReportReporter -->
<testsuite skipped="0" hostname="Systemss-MacBook-Pro.local" name="com.edinarealty.qa.testcases.SavedPropertiesTest" tests="2" failures="0" timestamp="2022-03-23T23:36:33 CDT" time="70.102" errors="0">
  <testcase name="savedPropertiesTest" time="0.085" classname="com.edinarealty.qa.testcases.SavedPropertiesTest"/>
  <system-out/>
  <testcase name="savedPropertiesTest" time="70.017" classname="com.edinarealty.qa.testcases.SavedPropertiesTest"/>
  <system-out/>
</testsuite> <!-- com.edinarealty.qa.testcases.SavedPropertiesTest -->
