<?xml version="1.0" encoding="UTF-8"?>
<!-- Generated by org.testng.reporters.JUnitReportReporter -->
<testsuite hostname="CAMBROSIAS7403" failures="0" tests="3" name="com.smartsuite.qa.testcases.AdvancedSearchLinksTest" time="11.058" errors="0" timestamp="2021-11-11T11:39:15 CST" skipped="0">
  <testcase classname="com.smartsuite.qa.testcases.AdvancedSearchLinksTest" name="globalSearch" time="3.719"/>
  <system-out/>
  <testcase classname="com.smartsuite.qa.testcases.AdvancedSearchLinksTest" name="globalSearch" time="3.703"/>
  <system-out/>
  <testcase classname="com.smartsuite.qa.testcases.AdvancedSearchLinksTest" name="globalSearch" time="3.636"/>
  <system-out/>
</testsuite> <!-- com.smartsuite.qa.testcases.AdvancedSearchLinksTest -->
