<?xml version="1.0" encoding="UTF-8"?>
<!-- Generated by org.testng.reporters.JUnitReportReporter -->
<testsuite skipped="0" hostname="L7MN000108180" name="com.jostens.qa.testcases.LoginPageTest" tests="7" failures="0" timestamp="2021-02-08T19:35:15 CST" time="15.836" errors="0">
  <testcase name="loginTest" time="1.366" classname="com.jostens.qa.testcases.LoginPageTest"/>
  <system-out/>
  <testcase name="loginTest" time="1.436" classname="com.jostens.qa.testcases.LoginPageTest"/>
  <system-out/>
  <testcase name="loginTest" time="1.383" classname="com.jostens.qa.testcases.LoginPageTest"/>
  <system-out/>
  <testcase name="loginTest" time="2.471" classname="com.jostens.qa.testcases.LoginPageTest"/>
  <system-out/>
  <testcase name="loginTest" time="1.714" classname="com.jostens.qa.testcases.LoginPageTest"/>
  <system-out/>
  <testcase name="loginTest" time="6.127" classname="com.jostens.qa.testcases.LoginPageTest"/>
  <system-out/>
  <testcase name="loginTest" time="1.339" classname="com.jostens.qa.testcases.LoginPageTest"/>
  <system-out/>
</testsuite> <!-- com.jostens.qa.testcases.LoginPageTest -->
