<?xml version="1.0" encoding="UTF-8"?>
<!-- Generated by org.testng.reporters.JUnitReportReporter -->
<testsuite hostname="CAMBROSIAS7403" failures="0" tests="2" name="com.smartsuite.qa.testcases.OncallCreateModifyAndDeleteCalenderAssignmentTest" time="60.193" errors="0" timestamp="2021-11-11T11:39:15 CST" skipped="1">
  <testcase classname="com.smartsuite.qa.testcases.OncallCreateModifyAndDeleteCalenderAssignmentTest" name="globalSearch" time="34.323"/>
  <system-out/>
  <testcase classname="com.smartsuite.qa.testcases.OncallCreateModifyAndDeleteCalenderAssignmentTest" name="globalSearch" time="25.870">
    <skipped/>
  </testcase> <!-- globalSearch -->
  <system-out/>
</testsuite> <!-- com.smartsuite.qa.testcases.OncallCreateModifyAndDeleteCalenderAssignmentTest -->
