<?xml version="1.0" encoding="UTF-8"?>
<!-- Generated by org.testng.reporters.JUnitReportReporter -->
<testsuite skipped="0" hostname="L7MN000108180" name="com.jostens.qa.testcases.ChangeBranchPageTest" tests="2" failures="0" timestamp="2021-02-08T19:35:15 CST" time="5.554" errors="0">
  <testcase name="changeBranchTest" time="2.711" classname="com.jostens.qa.testcases.ChangeBranchPageTest"/>
  <system-out/>
  <testcase name="changeBranchTest" time="2.843" classname="com.jostens.qa.testcases.ChangeBranchPageTest"/>
  <system-out/>
</testsuite> <!-- com.jostens.qa.testcases.ChangeBranchPageTest -->
