<?xml version="1.0" encoding="UTF-8"?>
<!-- Generated by org.testng.reporters.JUnitReportReporter -->
<testsuite skipped="0" hostname="L7MN000108180" name="com.mymatrix.qa.regressiontestcases.RailItineraryTest" tests="2" failures="0" timestamp="2021-04-01T11:47:43 CDT" time="31.684" errors="0">
  <testcase name="railItineraryPageTest" time="16.204" classname="com.mymatrix.qa.regressiontestcases.RailItineraryTest"/>
  <system-out/>
  <testcase name="railItineraryPageTest" time="15.480" classname="com.mymatrix.qa.regressiontestcases.RailItineraryTest"/>
  <system-out/>
</testsuite> <!-- com.mymatrix.qa.regressiontestcases.RailItineraryTest -->
