<?xml version="1.0" encoding="UTF-8"?>
<!-- Generated by org.testng.reporters.JUnitReportReporter -->
<testsuite hostname="CAMBROSIAS7403" failures="0" tests="2" name="com.smartsuite.qa.testcases.OncallCreateModifyAndDeleteSchedulerAssignmentTest" time="96.084" errors="0" timestamp="2021-11-12T10:21:10 CST" skipped="0">
  <testcase classname="com.smartsuite.qa.testcases.OncallCreateModifyAndDeleteSchedulerAssignmentTest" name="oncallMoveSchedulerAssignmentTest" time="48.176"/>
  <system-out/>
  <testcase classname="com.smartsuite.qa.testcases.OncallCreateModifyAndDeleteSchedulerAssignmentTest" name="oncallMoveSchedulerAssignmentTest" time="47.908"/>
  <system-out/>
</testsuite> <!-- com.smartsuite.qa.testcases.OncallCreateModifyAndDeleteSchedulerAssignmentTest -->
