<?xml version="1.0" encoding="UTF-8"?>
<!-- Generated by org.testng.reporters.JUnitReportReporter -->
<testsuite hostname="CAMBROSIAS7403" failures="0" tests="2" name="com.smartsuite.qa.testcases.BlockAssignmentCalenderNavigationTest" time="23.901" errors="0" timestamp="2021-11-11T11:39:15 CST" skipped="0">
  <testcase classname="com.smartsuite.qa.testcases.BlockAssignmentCalenderNavigationTest" name="blockAssignmentCalenderNavigationTest" time="11.944"/>
  <system-out/>
  <testcase classname="com.smartsuite.qa.testcases.BlockAssignmentCalenderNavigationTest" name="blockAssignmentCalenderNavigationTest" time="11.957"/>
  <system-out/>
</testsuite> <!-- com.smartsuite.qa.testcases.BlockAssignmentCalenderNavigationTest -->
