<?xml version="1.0" encoding="UTF-8"?>
<!-- Generated by org.testng.reporters.JUnitReportReporter -->
<testsuite skipped="0" hostname="L7MN000108180" name="com.jostens.qa.testcases.HotelItineraryDetailPageTest" tests="1" failures="0" timestamp="2021-02-08T19:35:15 CST" time="24.511" errors="0">
  <testcase name="loginTest" time="24.511" classname="com.jostens.qa.testcases.HotelItineraryDetailPageTest"/>
  <system-out/>
</testsuite> <!-- com.jostens.qa.testcases.HotelItineraryDetailPageTest -->
