<?xml version="1.0" encoding="UTF-8"?>
<!-- Generated by org.testng.reporters.JUnitReportReporter -->
<testsuite hostname="CAMBROSIAS7403" failures="0" tests="2" name="com.smartsuite.qa.testcases.OncallSearchTodayTabTest" time="85.764" errors="0" timestamp="2021-11-11T12:26:53 CST" skipped="0">
  <testcase classname="com.smartsuite.qa.testcases.OncallSearchTodayTabTest" name="oncallMoveSchedulerAssignmentTest" time="43.808"/>
  <system-out/>
  <testcase classname="com.smartsuite.qa.testcases.OncallSearchTodayTabTest" name="oncallMoveSchedulerAssignmentTest" time="41.956"/>
  <system-out/>
</testsuite> <!-- com.smartsuite.qa.testcases.OncallSearchTodayTabTest -->
