<?xml version="1.0" encoding="UTF-8"?>
<!-- Generated by org.testng.reporters.JUnitReportReporter -->
<testsuite skipped="0" hostname="L7MN000108180" name="com.mymatrix.qa.testcases.AirItineraryPageTest" tests="1" failures="0" timestamp="2021-03-17T12:30:50 CDT" time="19.302" errors="0">
  <testcase name="airItineraryPageTest" time="19.302" classname="com.mymatrix.qa.testcases.AirItineraryPageTest"/>
  <system-out/>
</testsuite> <!-- com.mymatrix.qa.testcases.AirItineraryPageTest -->
