<?xml version="1.0" encoding="UTF-8"?>
<!-- Generated by org.testng.reporters.JUnitReportReporter -->
<testsuite skipped="0" hostname="L7MN000108180" name="com.jostens.qa.testcases.SavedSearchesPageTest" tests="2" failures="0" timestamp="2021-01-18T08:53:21 CST" time="16.727" errors="0">
  <testcase name="CheckSavedSearchesListTest" time="8.952" classname="com.jostens.qa.testcases.SavedSearchesPageTest"/>
  <system-out/>
  <testcase name="CheckSavedSearchesListTest" time="7.775" classname="com.jostens.qa.testcases.SavedSearchesPageTest"/>
  <system-out/>
</testsuite> <!-- com.jostens.qa.testcases.SavedSearchesPageTest -->
