<?xml version="1.0" encoding="UTF-8"?>
<!-- Generated by org.testng.reporters.JUnitReportReporter -->
<testsuite skipped="0" hostname="L7MN000108180" name="com.mymatrix.qa.regressiontestcases.CarItineraryTest" tests="3" failures="0" timestamp="2021-04-01T11:47:43 CDT" time="43.606" errors="0">
  <testcase name="carItineraryPageTest" time="14.365" classname="com.mymatrix.qa.regressiontestcases.CarItineraryTest"/>
  <system-out/>
  <testcase name="carItineraryPageTest" time="14.791" classname="com.mymatrix.qa.regressiontestcases.CarItineraryTest"/>
  <system-out/>
  <testcase name="carItineraryPageTest" time="14.450" classname="com.mymatrix.qa.regressiontestcases.CarItineraryTest"/>
  <system-out/>
</testsuite> <!-- com.mymatrix.qa.regressiontestcases.CarItineraryTest -->
