<?xml version="1.0" encoding="UTF-8"?>
<!-- Generated by org.testng.reporters.JUnitReportReporter -->
<testsuite skipped="0" hostname="L7MN000108180" name="com.mymatrix.qa.regressiontestcases.MiscItineraryTest" tests="2" failures="0" timestamp="2021-04-01T11:47:43 CDT" time="31.191" errors="0">
  <testcase name="miscItineraryPageTest" time="16.368" classname="com.mymatrix.qa.regressiontestcases.MiscItineraryTest"/>
  <system-out/>
  <testcase name="miscItineraryPageTest" time="14.823" classname="com.mymatrix.qa.regressiontestcases.MiscItineraryTest"/>
  <system-out/>
</testsuite> <!-- com.mymatrix.qa.regressiontestcases.MiscItineraryTest -->
