<?xml version="1.0" encoding="UTF-8"?>
<!-- Generated by org.testng.reporters.JUnitReportReporter -->
<testsuite hostname="CAMBROSIAS7403" failures="0" tests="2" name="com.smartsuite.qa.testcases.OncallCreateModifyAndDeleteBlockAssignmentTest" time="63.141" errors="0" timestamp="2021-11-12T10:21:10 CST" skipped="0">
  <testcase classname="com.smartsuite.qa.testcases.OncallCreateModifyAndDeleteBlockAssignmentTest" name="globalSearch" time="31.330"/>
  <system-out/>
  <testcase classname="com.smartsuite.qa.testcases.OncallCreateModifyAndDeleteBlockAssignmentTest" name="globalSearch" time="31.811"/>
  <system-out/>
</testsuite> <!-- com.smartsuite.qa.testcases.OncallCreateModifyAndDeleteBlockAssignmentTest -->
