<?xml version="1.0" encoding="UTF-8"?>
<!-- Generated by org.testng.reporters.JUnitReportReporter -->
<testsuite hostname="CAMBROSIAS7403" failures="0" tests="3" name="com.smartsuite.qa.testcases.PersonalProfileSearchArchivedMessagesTest" time="49.555" errors="0" timestamp="2021-11-19T09:04:15 CST" skipped="0">
  <testcase classname="com.smartsuite.qa.testcases.PersonalProfileSearchArchivedMessagesTest" name="personalProfileSearchArchivedMessagesTest" time="17.593"/>
  <system-out/>
  <testcase classname="com.smartsuite.qa.testcases.PersonalProfileSearchArchivedMessagesTest" name="personalProfileSearchArchivedMessagesTest" time="15.841"/>
  <system-out/>
  <testcase classname="com.smartsuite.qa.testcases.PersonalProfileSearchArchivedMessagesTest" name="personalProfileSearchArchivedMessagesTest" time="16.121"/>
  <system-out/>
</testsuite> <!-- com.smartsuite.qa.testcases.PersonalProfileSearchArchivedMessagesTest -->
