<?xml version="1.0" encoding="UTF-8"?>
<!-- Generated by org.testng.reporters.JUnitReportReporter -->
<testsuite hostname="CAMBROSIAS7403" failures="0" tests="2" name="com.edinarealty.qa.testcases.SavedPropertiesTest2" time="141.574" errors="0" timestamp="2022-01-06T11:43:09 CST" skipped="0">
  <testcase classname="com.edinarealty.qa.testcases.SavedPropertiesTest2" name="savedPropertiesTest" time="70.920"/>
  <system-out/>
  <testcase classname="com.edinarealty.qa.testcases.SavedPropertiesTest2" name="savedPropertiesTest" time="70.654"/>
  <system-out/>
</testsuite> <!-- com.edinarealty.qa.testcases.SavedPropertiesTest2 -->
