<?xml version="1.0" encoding="UTF-8"?>
<!-- Generated by org.testng.reporters.JUnitReportReporter -->
<testsuite skipped="0" hostname="L7MN000108180" name="com.jostens.qa.testcases.TicketDetailPageTest" tests="3" failures="0" timestamp="2021-02-08T19:35:15 CST" time="98.490" errors="0">
  <testcase name="ticketDetailPageTest" time="35.660" classname="com.jostens.qa.testcases.TicketDetailPageTest"/>
  <system-out/>
  <testcase name="ticketDetailPageTest" time="29.912" classname="com.jostens.qa.testcases.TicketDetailPageTest"/>
  <system-out/>
  <testcase name="ticketDetailPageTest" time="32.918" classname="com.jostens.qa.testcases.TicketDetailPageTest"/>
  <system-out/>
</testsuite> <!-- com.jostens.qa.testcases.TicketDetailPageTest -->
