<?xml version="1.0" encoding="UTF-8"?>
<!-- Generated by org.testng.reporters.JUnitReportReporter -->
<testsuite hostname="CAMBROSIAS7403" failures="0" tests="2" name="com.smartsuite.qa.testcases.OncallSchedulerNextShiftTest" time="67.840" errors="0" timestamp="2021-09-07T16:32:01 CDT" skipped="0">
  <testcase classname="com.smartsuite.qa.testcases.OncallSchedulerNextShiftTest" name="oncallSchedulerNextShiftTest" time="33.603"/>
  <system-out/>
  <testcase classname="com.smartsuite.qa.testcases.OncallSchedulerNextShiftTest" name="oncallSchedulerNextShiftTest" time="34.237"/>
  <system-out/>
</testsuite> <!-- com.smartsuite.qa.testcases.OncallSchedulerNextShiftTest -->
