<?xml version="1.0" encoding="UTF-8"?>
<!-- Generated by org.testng.reporters.JUnitReportReporter -->
<testsuite skipped="0" hostname="L7MN000108180" name="com.jostens.qa.testcases.ExistingTicketDetailPageTest" tests="2" failures="0" timestamp="2021-01-22T09:26:23 CST" time="57.875" errors="0">
  <testcase name="loginTest" time="28.916" classname="com.jostens.qa.testcases.ExistingTicketDetailPageTest"/>
  <system-out/>
  <testcase name="loginTest" time="28.959" classname="com.jostens.qa.testcases.ExistingTicketDetailPageTest"/>
  <system-out/>
</testsuite> <!-- com.jostens.qa.testcases.ExistingTicketDetailPageTest -->
