<?xml version="1.0" encoding="UTF-8"?>
<!-- Generated by org.testng.reporters.JUnitReportReporter -->
<testsuite skipped="0" hostname="L7MN000108180" name="com.mymatrix.qa.testcases.IRQueueCountPageTest" tests="4" failures="0" timestamp="2021-03-17T12:30:51 CDT" time="64.927" errors="0">
  <testcase name="irQueueCountPageTest" time="19.084" classname="com.mymatrix.qa.testcases.IRQueueCountPageTest"/>
  <system-out/>
  <testcase name="irQueueCountPageTest" time="15.853" classname="com.mymatrix.qa.testcases.IRQueueCountPageTest"/>
  <system-out/>
  <testcase name="irQueueCountPageTest" time="19.221" classname="com.mymatrix.qa.testcases.IRQueueCountPageTest"/>
  <system-out/>
  <testcase name="irQueueCountPageTest" time="10.769" classname="com.mymatrix.qa.testcases.IRQueueCountPageTest"/>
  <system-out/>
</testsuite> <!-- com.mymatrix.qa.testcases.IRQueueCountPageTest -->
