<?xml version="1.0" encoding="UTF-8"?>
<!-- Generated by org.testng.reporters.JUnitReportReporter -->
<testsuite skipped="0" hostname="L7MN000108180" name="com.mymatrix.qa.regressiontestcases.InsuranceItineraryTest" tests="2" failures="0" timestamp="2021-04-01T11:47:44 CDT" time="28.501" errors="0">
  <testcase name="insuranceItineraryPageTest" time="14.068" classname="com.mymatrix.qa.regressiontestcases.InsuranceItineraryTest"/>
  <system-out/>
  <testcase name="insuranceItineraryPageTest" time="14.433" classname="com.mymatrix.qa.regressiontestcases.InsuranceItineraryTest"/>
  <system-out/>
</testsuite> <!-- com.mymatrix.qa.regressiontestcases.InsuranceItineraryTest -->
