<?xml version="1.0" encoding="UTF-8"?>
<!-- Generated by org.testng.reporters.JUnitReportReporter -->
<testsuite skipped="0" hostname="L7MN000108180" name="com.mymatrix.qa.regressiontestcases.TicketTest" tests="4" failures="0" timestamp="2021-03-07T15:40:25 CST" time="25.820" errors="0">
  <testcase name="ticketPageTest" time="0.417" classname="com.mymatrix.qa.regressiontestcases.TicketTest"/>
  <system-out/>
  <testcase name="ticketPageTest" time="0.547" classname="com.mymatrix.qa.regressiontestcases.TicketTest"/>
  <system-out/>
  <testcase name="ticketPageTest" time="0.947" classname="com.mymatrix.qa.regressiontestcases.TicketTest"/>
  <system-out/>
  <testcase name="ticketPageTest" time="23.909" classname="com.mymatrix.qa.regressiontestcases.TicketTest"/>
  <system-out/>
</testsuite> <!-- com.mymatrix.qa.regressiontestcases.TicketTest -->
