<?xml version="1.0" encoding="UTF-8"?>
<!-- Generated by org.testng.reporters.JUnitReportReporter -->
<testsuite skipped="0" hostname="L7MN000108180" name="com.mymatrix.qa.testcases.SearchClientFilePageTest" tests="6" failures="0" timestamp="2021-03-31T09:25:01 CDT" time="20.571" errors="0">
  <testcase name="searchClientFilePageTest" time="0.249" classname="com.mymatrix.qa.testcases.SearchClientFilePageTest"/>
  <system-out/>
  <testcase name="searchClientFilePageTest" time="0.643" classname="com.mymatrix.qa.testcases.SearchClientFilePageTest"/>
  <system-out/>
  <testcase name="searchClientFilePageTest" time="0.375" classname="com.mymatrix.qa.testcases.SearchClientFilePageTest"/>
  <system-out/>
  <testcase name="searchClientFilePageTest" time="0.708" classname="com.mymatrix.qa.testcases.SearchClientFilePageTest"/>
  <system-out/>
  <testcase name="searchClientFilePageTest" time="18.091" classname="com.mymatrix.qa.testcases.SearchClientFilePageTest"/>
  <system-out/>
  <testcase name="searchClientFilePageTest" time="0.505" classname="com.mymatrix.qa.testcases.SearchClientFilePageTest"/>
  <system-out/>
</testsuite> <!-- com.mymatrix.qa.testcases.SearchClientFilePageTest -->
