<?xml version="1.0" encoding="UTF-8"?>
<!-- Generated by org.testng.reporters.JUnitReportReporter -->
<testsuite hostname="CAMBROSIAS7403" failures="0" tests="2" name="com.smartsuite.qa.testcases.PersonalProfilePictureUploadIncorrectFileType" time="16.003" errors="0" timestamp="2021-09-21T18:29:44 CDT" skipped="0">
  <testcase classname="com.smartsuite.qa.testcases.PersonalProfilePictureUploadIncorrectFileType" name="personalProfilePageLogSearchTest" time="8.861"/>
  <system-out/>
  <testcase classname="com.smartsuite.qa.testcases.PersonalProfilePictureUploadIncorrectFileType" name="personalProfilePageLogSearchTest" time="7.142"/>
  <system-out/>
</testsuite> <!-- com.smartsuite.qa.testcases.PersonalProfilePictureUploadIncorrectFileType -->
