<?xml version="1.0" encoding="UTF-8"?>
<!-- Generated by org.testng.reporters.JUnitReportReporter -->
<testsuite skipped="0" hostname="Systemss-MacBook-Pro.local" name="com.edinarealty.qa.testcases.SignInTest" tests="5" failures="0" timestamp="2022-03-23T23:36:33 CDT" time="36.963" errors="0">
  <testcase name="SignInLocalTest" time="0.128" classname="com.edinarealty.qa.testcases.SignInTest"/>
  <system-out/>
  <testcase name="SignInLocalTest" time="0.488" classname="com.edinarealty.qa.testcases.SignInTest"/>
  <system-out/>
  <testcase name="SignInLocalTest" time="36.081" classname="com.edinarealty.qa.testcases.SignInTest"/>
  <system-out/>
  <testcase name="SignInLocalTest" time="0.155" classname="com.edinarealty.qa.testcases.SignInTest"/>
  <system-out/>
  <testcase name="SignInLocalTest" time="0.111" classname="com.edinarealty.qa.testcases.SignInTest"/>
  <system-out/>
</testsuite> <!-- com.edinarealty.qa.testcases.SignInTest -->
