<?xml version="1.0" encoding="UTF-8"?>
<!-- Generated by org.testng.reporters.JUnitReportReporter -->
<testsuite skipped="0" hostname="L7MN000108180" name="com.mymatrix.qa.testcases.QueueCountPageTest" tests="4" failures="0" timestamp="2021-03-22T11:50:37 CDT" time="56.852" errors="0">
  <testcase name="queueCountPageTest" time="18.944" classname="com.mymatrix.qa.testcases.QueueCountPageTest"/>
  <system-out/>
  <testcase name="queueCountPageTest" time="13.745" classname="com.mymatrix.qa.testcases.QueueCountPageTest"/>
  <system-out/>
  <testcase name="queueCountPageTest" time="5.012" classname="com.mymatrix.qa.testcases.QueueCountPageTest"/>
  <system-out/>
  <testcase name="queueCountPageTest" time="19.151" classname="com.mymatrix.qa.testcases.QueueCountPageTest"/>
  <system-out/>
</testsuite> <!-- com.mymatrix.qa.testcases.QueueCountPageTest -->
