<?xml version="1.0" encoding="UTF-8"?>
<!-- Generated by org.testng.reporters.JUnitReportReporter -->
<testsuite skipped="0" hostname="L7MN000108180" name="com.jostens.qa.testcases.FindHomePageTest" tests="2" failures="0" timestamp="2021-01-18T08:53:21 CST" time="62.232" errors="0">
  <testcase name="addHouseToFavoritesTest" time="33.612" classname="com.jostens.qa.testcases.FindHomePageTest"/>
  <system-out/>
  <testcase name="addHouseToFavoritesTest" time="28.620" classname="com.jostens.qa.testcases.FindHomePageTest"/>
  <system-out/>
</testsuite> <!-- com.jostens.qa.testcases.FindHomePageTest -->
