<?xml version="1.0" encoding="UTF-8"?>
<!-- Generated by org.testng.reporters.JUnitReportReporter -->
<testsuite hostname="CAMBROSIAS7403" failures="0" tests="2" name="com.smartsuite.qa.testcases.PatientInfoSearchTest" time="26.574" errors="0" timestamp="2021-11-12T10:21:10 CST" skipped="0">
  <testcase classname="com.smartsuite.qa.testcases.PatientInfoSearchTest" name="globalSearch" time="13.343"/>
  <system-out/>
  <testcase classname="com.smartsuite.qa.testcases.PatientInfoSearchTest" name="globalSearch" time="13.231"/>
  <system-out/>
</testsuite> <!-- com.smartsuite.qa.testcases.PatientInfoSearchTest -->
