<?xml version="1.0" encoding="UTF-8"?>
<!-- Generated by org.testng.reporters.JUnitReportReporter -->
<testsuite hostname="CAMBROSIAS7403" failures="0" tests="2" name="com.smartsuite.qa.testcases.PersonalProfilePictureUploadTest" time="23.006" errors="0" timestamp="2021-11-11T11:39:15 CST" skipped="0">
  <testcase classname="com.smartsuite.qa.testcases.PersonalProfilePictureUploadTest" name="personalProfilePageLogSearchTest" time="11.245"/>
  <system-out/>
  <testcase classname="com.smartsuite.qa.testcases.PersonalProfilePictureUploadTest" name="personalProfilePageLogSearchTest" time="11.761"/>
  <system-out/>
</testsuite> <!-- com.smartsuite.qa.testcases.PersonalProfilePictureUploadTest -->
