<?xml version="1.0" encoding="UTF-8"?>
<!-- Generated by org.testng.reporters.JUnitReportReporter -->
<testsuite skipped="0" hostname="L7MN000108180" name="com.mymatrix.qa.regressiontestcases.BSPTicketTest" tests="4" failures="0" timestamp="2021-04-01T11:47:44 CDT" time="72.086" errors="0">
  <testcase name="ticketPageTest" time="18.520" classname="com.mymatrix.qa.regressiontestcases.BSPTicketTest"/>
  <system-out/>
  <testcase name="ticketPageTest" time="17.239" classname="com.mymatrix.qa.regressiontestcases.BSPTicketTest"/>
  <system-out/>
  <testcase name="ticketPageTest" time="18.462" classname="com.mymatrix.qa.regressiontestcases.BSPTicketTest"/>
  <system-out/>
  <testcase name="ticketPageTest" time="17.865" classname="com.mymatrix.qa.regressiontestcases.BSPTicketTest"/>
  <system-out/>
</testsuite> <!-- com.mymatrix.qa.regressiontestcases.BSPTicketTest -->
