<?xml version="1.0" encoding="UTF-8"?>
<!-- Generated by org.testng.reporters.JUnitReportReporter -->
<testsuite hostname="CAMBROSIAS7403" failures="0" tests="1" name="com.smartsuite.qa.testcases.GlobalSearchRowCountTest" time="13.282" errors="0" timestamp="2021-07-22T09:40:26 CDT" skipped="0">
  <testcase classname="com.smartsuite.qa.testcases.GlobalSearchRowCountTest" name="globalSearch" time="13.282"/>
  <system-out/>
</testsuite> <!-- com.smartsuite.qa.testcases.GlobalSearchRowCountTest -->
